<?xml version="1.0" encoding="UTF-8"?>
<!-- Generated by org.testng.reporters.JUnitReportReporter -->
<testsuite hostname="Unity_0034" failures="0" tests="1" name="mobile.tests.myIdentityScreenTest.MyIdentityScreenTest" time="53.537" errors="0" timestamp="2023-07-24T14:09:44 IST" skipped="0">
  <testcase classname="mobile.tests.myIdentityScreenTest.MyIdentityScreenTest" name="verifyEnrollEmailToMyIdentity" time="53.537"/>
  <system-out>
    <![CDATA[Click on verifyContinueButton
INFO: Clicked on verifyContinueButton
Click on VerifyAuthLoginPin
INFO: Clicked on VerifyAuthLoginPin
Click on verifyPinFieldBox
INFO: Clicked on verifyPinFieldBox
Enter text 00000000 at locator verifyPinFieldBox
Click on verifyConfirmNewPinFieldBox
INFO: Clicked on verifyConfirmNewPinFieldBox
Enter text 00000000 at locator verifyConfirmNewPinFieldBox
Verify element verifyUnableTouchIdText text is equal to Enable Touch ID / Face ID
Get element Text isEnable Touch ID / Face ID
<h1 style="color:green;font-size:15px;">Test Passed</h1> 
Click on verifyMaybelaterTab
INFO: Clicked on verifyMaybelaterTab
Click on verifyOkButton
INFO: Clicked on verifyOkButton
Click on verifyImageOfMenu
INFO: Clicked on verifyImageOfMenu
Click on verifyMyIdentityTab
INFO: Clicked on verifyMyIdentityTab
Verify element verifyEmailTextOfMyIdentityPage text is equal to Email
Get element Text isEmail
<h1 style="color:green;font-size:15px;">Test Passed</h1> 
Click on verifyEmailTabOfMyIdentityPage
INFO: Clicked on verifyEmailTabOfMyIdentityPage
Enter text atul.sharma@1kosmos.com at locator verifyEnterYourEmailAddressFieldBox
Click on verifyEnterYourEmailAddressFieldBox
INFO: Clicked on verifyEnterYourEmailAddressFieldBox
Click on verifyContinueButtonOfEmailVerification
INFO: Clicked on verifyContinueButtonOfEmailVerification
Verify element verifyCheckYourEmailText text is equal to Check Your Email
Get element Text isCheck Your Email
<h1 style="color:green;font-size:15px;">Test Passed</h1> 
Verify element verifyCheckEmailTab text is equal to Check Email
Get element Text isCheck Email
<h1 style="color:green;font-size:15px;">Test Passed</h1> 
Verify element verifyResendEmailTab text is equal to Resend Email
Get element Text isResend Email
<h1 style="color:green;font-size:15px;">Test Passed</h1> 
Click on verifyCheckEmailTab
INFO: Clicked on verifyCheckEmailTab
Verify element verifyInboxTextOfMail text is equal to Inbox
Get element Text isInbox
<h1 style="color:green;font-size:15px;">Test Passed</h1> 
Click on verifyVerificationMailOf1kosmos
INFO: Clicked on verifyVerificationMailOf1kosmos]]>
  </system-out>
</testsuite> <!-- mobile.tests.myIdentityScreenTest.MyIdentityScreenTest -->
