<?xml version="1.0" encoding="UTF-8"?>
<!-- Generated by org.testng.reporters.JUnitReportReporter -->
<testsuite hostname="DESKTOP-GOIBKEG" failures="0" tests="2" name="web.tests.login.LoginTests" time="7.833" errors="0" timestamp="2023-07-14T11:33:06 IST" skipped="0">
  <testcase classname="web.tests.login.LoginTests" name="verifyWelcomeScreen" time="4.921"/>
  <system-out/>
  <testcase classname="web.tests.login.LoginTests" name="verifyForgotPasswordScreen" time="2.912"/>
  <system-out/>
</testsuite> <!-- web.tests.login.LoginTests -->
